  cJSON.c
  main.cpp
E:\TdGame\TdGame\main.cpp(1,9): warning C4005: “SDL_MAIN_HANDLED”: 宏重定义
      E:\TdGame\TdGame\main.cpp(1,9):
      之前在命令行上声明的“SDL_MAIN_HANDLED”
  
E:\TdGame\TdGame\manager.h(6,7): error C2953: “Manager”: 类模板已经定义
  (编译源文件“main.cpp”)
      E:\TdGame\TdGame\manager.h(6,7):
      参见“Manager”的声明
  
E:\TdGame\TdGame\manager.h(26,25): error C2086: “Manager<T> *Manager<T>::manager”: 重定义
  (编译源文件“main.cpp”)
      E:\TdGame\TdGame\manager.h(26,25):
      参见“Manager<T>::manager”的声明
  
E:\TdGame\TdGame\route.h(76,8): error C2084: 函数“Route::Route(void)”已有主体
  (编译源文件“main.cpp”)
      E:\TdGame\TdGame\route.h(11,2):
      参见“Route::Route”的前一个定义
  
E:\TdGame\TdGame\route.h(80,9): error C2084: 函数“Route::~Route(void)”已有主体
  (编译源文件“main.cpp”)
      E:\TdGame\TdGame\route.h(54,3):
      参见“Route::~Route”的前一个定义
  
E:\TdGame\TdGame\config_manager.h(14,29): error C2955: “Manager”: 使用 类 模板 需要 模板 参数列表
  (编译源文件“main.cpp”)
      E:\TdGame\TdGame\manager.h(6,7):
      参见“Manager”的声明
  
E:\TdGame\TdGame\config_manager.h(17,15): error C2990: “Manager”: 非类 模板 已经声明为类 模板
  (编译源文件“main.cpp”)
      E:\TdGame\TdGame\manager.h(6,7):
      参见“Manager”的声明
  
E:\TdGame\TdGame\config_manager.h(64,20): error C2086: “std::vector<Wave,std::allocator<Wave>> ConfigManager::wave_list”: 重定义
  (编译源文件“main.cpp”)
  
E:\TdGame\TdGame\manager.h(6,7): error C2953: “Manager”: 类模板已经定义
  (编译源文件“main.cpp”)
      E:\TdGame\TdGame\manager.h(6,7):
      参见“Manager”的声明
  
E:\TdGame\TdGame\manager.h(26,25): error C2086: “Manager<T> *Manager<T>::manager”: 重定义
  (编译源文件“main.cpp”)
      E:\TdGame\TdGame\manager.h(26,25):
      参见“Manager<T>::manager”的声明
  
E:\TdGame\TdGame\resources_manager.h(93,33): error C2955: “Manager”: 使用 类 模板 需要 模板 参数列表
  (编译源文件“main.cpp”)
      E:\TdGame\TdGame\manager.h(6,7):
      参见“Manager”的声明
  
E:\TdGame\TdGame\resources_manager.h(95,15): error C2990: “Manager”: 非类 模板 已经声明为类 模板
  (编译源文件“main.cpp”)
      E:\TdGame\TdGame\manager.h(6,7):
      参见“Manager”的声明
  
E:\TdGame\TdGame\game_manager.h(14,26): error C2955: “Manager”: 使用 类 模板 需要 模板 参数列表
  (编译源文件“main.cpp”)
      E:\TdGame\TdGame\manager.h(6,7):
      参见“Manager”的声明
  
E:\TdGame\TdGame\game_manager.h(15,15): error C2990: “Manager”: 非类 模板 已经声明为类 模板
  (编译源文件“main.cpp”)
      E:\TdGame\TdGame\manager.h(6,7):
      参见“Manager”的声明
  
E:\TdGame\TdGame\game_manager.h(31,51): warning C4390: “;”: 找到空的受控语句；这是否是有意的?
  (编译源文件“main.cpp”)
  
E:\TdGame\TdGame\game_manager.h(59,42): error C2039: "instance": 不是 "ConfigManager" 的成员
  (编译源文件“main.cpp”)
      E:\TdGame\TdGame\config_manager.h(14,7):
      参见“ConfigManager”的声明
  
E:\TdGame\TdGame\game_manager.h(59,42): error C3861: “instance”: 找不到标识符
  (编译源文件“main.cpp”)
  
E:\TdGame\TdGame\game_manager.h(73,33): error C2039: "instance": 不是 "ResourcesManager" 的成员
  (编译源文件“main.cpp”)
      E:\TdGame\TdGame\resources_manager.h(93,7):
      参见“ResourcesManager”的声明
  
E:\TdGame\TdGame\game_manager.h(73,33): error C3861: “instance”: 找不到标识符
  (编译源文件“main.cpp”)
  
E:\TdGame\TdGame\game_manager.h(110,51): error C2039: "instance": 不是 "ConfigManager" 的成员
  (编译源文件“main.cpp”)
      E:\TdGame\TdGame\config_manager.h(14,7):
      参见“ConfigManager”的声明
  
E:\TdGame\TdGame\game_manager.h(110,51): error C2064: 项不会计算为接受 0 个参数的函数
  (编译源文件“main.cpp”)
  
E:\TdGame\TdGame\game_manager.h(118,35): error C2039: "instance": 不是 "ConfigManager" 的成员
  (编译源文件“main.cpp”)
      E:\TdGame\TdGame\config_manager.h(14,7):
      参见“ConfigManager”的声明
  
E:\TdGame\TdGame\game_manager.h(118,35): error C3861: “instance”: 找不到标识符
  (编译源文件“main.cpp”)
  
E:\TdGame\TdGame\game_manager.h(118,18): error C2530: “map”: 必须初始化引用
  (编译源文件“main.cpp”)
  
E:\TdGame\TdGame\game_manager.h(120,44): error C2039: "instance": 不是 "ConfigManager" 的成员
  (编译源文件“main.cpp”)
      E:\TdGame\TdGame\config_manager.h(14,7):
      参见“ConfigManager”的声明
  
E:\TdGame\TdGame\game_manager.h(120,44): error C3861: “instance”: 找不到标识符
  (编译源文件“main.cpp”)
  
E:\TdGame\TdGame\game_manager.h(120,27): error C2530: “rect_tile_map”: 必须初始化引用
  (编译源文件“main.cpp”)
  
E:\TdGame\TdGame\game_manager.h(121,49): error C2039: "instance": 不是 "ResourcesManager" 的成员
  (编译源文件“main.cpp”)
      E:\TdGame\TdGame\resources_manager.h(93,7):
      参见“ResourcesManager”的声明
  
E:\TdGame\TdGame\game_manager.h(121,49): error C3861: “instance”: 找不到标识符
  (编译源文件“main.cpp”)
  
E:\TdGame\TdGame\game_manager.h(135,42): error C2039: "instance": 不是 "ConfigManager" 的成员
  (编译源文件“main.cpp”)
      E:\TdGame\TdGame\config_manager.h(14,7):
      参见“ConfigManager”的声明
  
E:\TdGame\TdGame\game_manager.h(135,42): error C3861: “instance”: 找不到标识符
  (编译源文件“main.cpp”)
  
E:\TdGame\TdGame\main.cpp(6,65): error C2039: "instance": 不是 "GameManager" 的成员
      E:\TdGame\TdGame\game_manager.h(14,7):
      参见“GameManager”的声明
  
E:\TdGame\TdGame\main.cpp(6,65): error C2064: 项不会计算为接受 0 个参数的函数
  manager.h
